<?xml version="1.0" encoding="UTF-8"?>
<testsuite xmlns:xsi="http://www.w3.org/2001/XMLSchema-instance" xsi:noNamespaceSchemaLocation="https://maven.apache.org/surefire/maven-surefire-plugin/xsd/surefire-test-report-3.0.xsd" version="3.0" name="com.api.tests.ApiTests" time="6.269" tests="7" errors="0" skipped="0" failures="2">
  <properties>
    <property name="java.specification.version" value="23"/>
    <property name="sun.jnu.encoding" value="UTF-8"/>
    <property name="java.class.path" value="/Users/srikanthr/jsonplaceholder-tests/target/test-classes:/Users/srikanthr/jsonplaceholder-tests/target/classes:/Users/srikanthr/.m2/repository/org/junit/jupiter/junit-jupiter-api/5.9.1/junit-jupiter-api-5.9.1.jar:/Users/srikanthr/.m2/repository/org/opentest4j/opentest4j/1.2.0/opentest4j-1.2.0.jar:/Users/srikanthr/.m2/repository/org/junit/platform/junit-platform-commons/1.9.1/junit-platform-commons-1.9.1.jar:/Users/srikanthr/.m2/repository/org/apiguardian/apiguardian-api/1.1.2/apiguardian-api-1.1.2.jar:/Users/srikanthr/.m2/repository/org/junit/jupiter/junit-jupiter-engine/5.9.1/junit-jupiter-engine-5.9.1.jar:/Users/srikanthr/.m2/repository/org/junit/platform/junit-platform-engine/1.9.1/junit-platform-engine-1.9.1.jar:/Users/srikanthr/.m2/repository/io/rest-assured/rest-assured/5.3.0/rest-assured-5.3.0.jar:/Users/srikanthr/.m2/repository/org/apache/groovy/groovy/4.0.6/groovy-4.0.6.jar:/Users/srikanthr/.m2/repository/org/apache/groovy/groovy-xml/4.0.6/groovy-xml-4.0.6.jar:/Users/srikanthr/.m2/repository/org/apache/httpcomponents/httpclient/4.5.13/httpclient-4.5.13.jar:/Users/srikanthr/.m2/repository/org/apache/httpcomponents/httpcore/4.4.13/httpcore-4.4.13.jar:/Users/srikanthr/.m2/repository/commons-logging/commons-logging/1.2/commons-logging-1.2.jar:/Users/srikanthr/.m2/repository/commons-codec/commons-codec/1.11/commons-codec-1.11.jar:/Users/srikanthr/.m2/repository/org/apache/httpcomponents/httpmime/4.5.13/httpmime-4.5.13.jar:/Users/srikanthr/.m2/repository/org/hamcrest/hamcrest/2.1/hamcrest-2.1.jar:/Users/srikanthr/.m2/repository/org/ccil/cowan/tagsoup/tagsoup/1.2.1/tagsoup-1.2.1.jar:/Users/srikanthr/.m2/repository/io/rest-assured/json-path/5.3.0/json-path-5.3.0.jar:/Users/srikanthr/.m2/repository/org/apache/groovy/groovy-json/4.0.6/groovy-json-4.0.6.jar:/Users/srikanthr/.m2/repository/io/rest-assured/rest-assured-common/5.3.0/rest-assured-common-5.3.0.jar:/Users/srikanthr/.m2/repository/io/rest-assured/xml-path/5.3.0/xml-path-5.3.0.jar:/Users/srikanthr/.m2/repository/org/apache/commons/commons-lang3/3.11/commons-lang3-3.11.jar:/Users/srikanthr/.m2/repository/com/jayway/jsonpath/json-path/2.7.0/json-path-2.7.0.jar:/Users/srikanthr/.m2/repository/net/minidev/json-smart/2.4.7/json-smart-2.4.7.jar:/Users/srikanthr/.m2/repository/net/minidev/accessors-smart/2.4.7/accessors-smart-2.4.7.jar:/Users/srikanthr/.m2/repository/org/ow2/asm/asm/9.1/asm-9.1.jar:/Users/srikanthr/.m2/repository/org/slf4j/slf4j-api/2.0.0/slf4j-api-2.0.0.jar:/Users/srikanthr/.m2/repository/org/slf4j/slf4j-simple/2.0.0/slf4j-simple-2.0.0.jar:"/>
    <property name="java.vm.vendor" value="Homebrew"/>
    <property name="sun.arch.data.model" value="64"/>
    <property name="java.vendor.url" value="https://github.com/Homebrew/homebrew-core/issues"/>
    <property name="user.timezone" value="Europe/Amsterdam"/>
    <property name="os.name" value="Mac OS X"/>
    <property name="java.vm.specification.version" value="23"/>
    <property name="sun.java.launcher" value="SUN_STANDARD"/>
    <property name="user.country" value="US"/>
    <property name="sun.boot.library.path" value="/opt/homebrew/Cellar/openjdk/23.0.2/libexec/openjdk.jdk/Contents/Home/lib"/>
    <property name="sun.java.command" value="/Users/srikanthr/jsonplaceholder-tests/target/surefire/surefirebooter2021938742145127495.jar /Users/srikanthr/jsonplaceholder-tests/target/surefire 2025-04-03T11-52-48_740-jvmRun1 surefire12733659880783521561tmp surefire_015350209993709427481tmp"/>
    <property name="http.nonProxyHosts" value="local|*.local|169.254/16|*.169.254/16"/>
    <property name="jdk.debug" value="release"/>
    <property name="surefire.test.class.path" value="/Users/srikanthr/jsonplaceholder-tests/target/test-classes:/Users/srikanthr/jsonplaceholder-tests/target/classes:/Users/srikanthr/.m2/repository/org/junit/jupiter/junit-jupiter-api/5.9.1/junit-jupiter-api-5.9.1.jar:/Users/srikanthr/.m2/repository/org/opentest4j/opentest4j/1.2.0/opentest4j-1.2.0.jar:/Users/srikanthr/.m2/repository/org/junit/platform/junit-platform-commons/1.9.1/junit-platform-commons-1.9.1.jar:/Users/srikanthr/.m2/repository/org/apiguardian/apiguardian-api/1.1.2/apiguardian-api-1.1.2.jar:/Users/srikanthr/.m2/repository/org/junit/jupiter/junit-jupiter-engine/5.9.1/junit-jupiter-engine-5.9.1.jar:/Users/srikanthr/.m2/repository/org/junit/platform/junit-platform-engine/1.9.1/junit-platform-engine-1.9.1.jar:/Users/srikanthr/.m2/repository/io/rest-assured/rest-assured/5.3.0/rest-assured-5.3.0.jar:/Users/srikanthr/.m2/repository/org/apache/groovy/groovy/4.0.6/groovy-4.0.6.jar:/Users/srikanthr/.m2/repository/org/apache/groovy/groovy-xml/4.0.6/groovy-xml-4.0.6.jar:/Users/srikanthr/.m2/repository/org/apache/httpcomponents/httpclient/4.5.13/httpclient-4.5.13.jar:/Users/srikanthr/.m2/repository/org/apache/httpcomponents/httpcore/4.4.13/httpcore-4.4.13.jar:/Users/srikanthr/.m2/repository/commons-logging/commons-logging/1.2/commons-logging-1.2.jar:/Users/srikanthr/.m2/repository/commons-codec/commons-codec/1.11/commons-codec-1.11.jar:/Users/srikanthr/.m2/repository/org/apache/httpcomponents/httpmime/4.5.13/httpmime-4.5.13.jar:/Users/srikanthr/.m2/repository/org/hamcrest/hamcrest/2.1/hamcrest-2.1.jar:/Users/srikanthr/.m2/repository/org/ccil/cowan/tagsoup/tagsoup/1.2.1/tagsoup-1.2.1.jar:/Users/srikanthr/.m2/repository/io/rest-assured/json-path/5.3.0/json-path-5.3.0.jar:/Users/srikanthr/.m2/repository/org/apache/groovy/groovy-json/4.0.6/groovy-json-4.0.6.jar:/Users/srikanthr/.m2/repository/io/rest-assured/rest-assured-common/5.3.0/rest-assured-common-5.3.0.jar:/Users/srikanthr/.m2/repository/io/rest-assured/xml-path/5.3.0/xml-path-5.3.0.jar:/Users/srikanthr/.m2/repository/org/apache/commons/commons-lang3/3.11/commons-lang3-3.11.jar:/Users/srikanthr/.m2/repository/com/jayway/jsonpath/json-path/2.7.0/json-path-2.7.0.jar:/Users/srikanthr/.m2/repository/net/minidev/json-smart/2.4.7/json-smart-2.4.7.jar:/Users/srikanthr/.m2/repository/net/minidev/accessors-smart/2.4.7/accessors-smart-2.4.7.jar:/Users/srikanthr/.m2/repository/org/ow2/asm/asm/9.1/asm-9.1.jar:/Users/srikanthr/.m2/repository/org/slf4j/slf4j-api/2.0.0/slf4j-api-2.0.0.jar:/Users/srikanthr/.m2/repository/org/slf4j/slf4j-simple/2.0.0/slf4j-simple-2.0.0.jar:"/>
    <property name="sun.cpu.endian" value="little"/>
    <property name="user.home" value="/Users/srikanthr"/>
    <property name="user.language" value="en"/>
    <property name="java.specification.vendor" value="Oracle Corporation"/>
    <property name="java.version.date" value="2025-01-21"/>
    <property name="java.home" value="/opt/homebrew/Cellar/openjdk/23.0.2/libexec/openjdk.jdk/Contents/Home"/>
    <property name="file.separator" value="/"/>
    <property name="basedir" value="/Users/srikanthr/jsonplaceholder-tests"/>
    <property name="java.vm.compressedOopsMode" value="Zero based"/>
    <property name="line.separator" value="&#10;"/>
    <property name="java.vm.specification.vendor" value="Oracle Corporation"/>
    <property name="java.specification.name" value="Java Platform API Specification"/>
    <property name="apple.awt.application.name" value="ForkedBooter"/>
    <property name="surefire.real.class.path" value="/Users/srikanthr/jsonplaceholder-tests/target/surefire/surefirebooter2021938742145127495.jar"/>
    <property name="sun.management.compiler" value="HotSpot 64-Bit Tiered Compilers"/>
    <property name="ftp.nonProxyHosts" value="local|*.local|169.254/16|*.169.254/16"/>
    <property name="java.runtime.version" value="23.0.2"/>
    <property name="user.name" value="srikanthr"/>
    <property name="stdout.encoding" value="UTF-8"/>
    <property name="path.separator" value=":"/>
    <property name="os.version" value="15.3.2"/>
    <property name="java.runtime.name" value="OpenJDK Runtime Environment"/>
    <property name="file.encoding" value="UTF-8"/>
    <property name="java.vm.name" value="OpenJDK 64-Bit Server VM"/>
    <property name="java.vendor.version" value="Homebrew"/>
    <property name="localRepository" value="/Users/srikanthr/.m2/repository"/>
    <property name="java.vendor.url.bug" value="https://github.com/Homebrew/homebrew-core/issues"/>
    <property name="java.io.tmpdir" value="/var/folders/wp/xj8kkvqx6wq2g06ncpczsj7c0000gn/T/"/>
    <property name="java.version" value="23.0.2"/>
    <property name="user.dir" value="/Users/srikanthr/jsonplaceholder-tests"/>
    <property name="os.arch" value="aarch64"/>
    <property name="java.vm.specification.name" value="Java Virtual Machine Specification"/>
    <property name="native.encoding" value="UTF-8"/>
    <property name="java.library.path" value="/Users/srikanthr/Library/Java/Extensions:/Library/Java/Extensions:/Network/Library/Java/Extensions:/System/Library/Java/Extensions:/usr/lib/java:."/>
    <property name="java.vm.info" value="mixed mode, sharing"/>
    <property name="stderr.encoding" value="UTF-8"/>
    <property name="java.vendor" value="Homebrew"/>
    <property name="java.vm.version" value="23.0.2"/>
    <property name="sun.io.unicode.encoding" value="UnicodeBig"/>
    <property name="socksNonProxyHosts" value="local|*.local|169.254/16|*.169.254/16"/>
    <property name="java.class.version" value="67.0"/>
  </properties>
  <testcase name="testCommentsForNonExistentPost" classname="com.api.tests.ApiTests" time="0.785">
    <failure type="org.opentest4j.AssertionFailedError"><![CDATA[org.opentest4j.AssertionFailedError: Expected HTTP status 404 for non-existent post ID ==> expected: <404> but was: <200>
	at com.api.tests.ApiTests.testCommentsForNonExistentPost(ApiTests.java:107)
]]></failure>
  </testcase>
  <testcase name="testNoPostsForUser" classname="com.api.tests.ApiTests" time="0.134">
    <system-out><![CDATA[✅ testNoPostsForUser PASSED
]]></system-out>
  </testcase>
  <testcase name="testSearchPostsByUser" classname="com.api.tests.ApiTests" time="0.385">
    <system-out><![CDATA[✅ testSearchPostsByUser PASSED
]]></system-out>
  </testcase>
  <testcase name="testCommentWithInvalidEmail" classname="com.api.tests.ApiTests" time="0.504">
    <system-out><![CDATA[✅ testCommentWithInvalidEmail PASSED
]]></system-out>
  </testcase>
  <testcase name="testSearchUserByInvalidUsername" classname="com.api.tests.ApiTests" time="0.101">
    <failure type="org.opentest4j.AssertionFailedError"><![CDATA[org.opentest4j.AssertionFailedError: Expected HTTP status 404 for non-existent user ==> expected: <404> but was: <200>
	at com.api.tests.ApiTests.testSearchUserByInvalidUsername(ApiTests.java:95)
]]></failure>
  </testcase>
  <testcase name="testValidateEmailFormatInComments" classname="com.api.tests.ApiTests" time="3.987">
    <system-out><![CDATA[✅ testValidateEmailFormatInComments PASSED
]]></system-out>
  </testcase>
  <testcase name="testSearchUserByUsername" classname="com.api.tests.ApiTests" time="0.359">
    <system-out><![CDATA[✅ testSearchUserByUsername PASSED
]]></system-out>
  </testcase>
</testsuite>